<?xml version="1.0" encoding="UTF-8"?>
<testsuite xmlns:xsi="http://www.w3.org/2001/XMLSchema-instance" xsi:noNamespaceSchemaLocation="https://maven.apache.org/surefire/maven-surefire-plugin/xsd/surefire-test-report-3.0.xsd" version="3.0" name="com.shop.SpringbootWebApplicationTests" time="2.529" tests="4" errors="0" skipped="0" failures="0">
  <properties>
[...]
</properties>
  <testcase name="showtime" classname="com.shop.SpringbootWebApplicationTests" time="0.625">
    <system-out><![CDATA[20:47:24.029 [main] INFO org.springframework.test.context.support.AnnotationConfigContextLoaderUtils -- Could not detect default configuration classes for test class [com.shop.SpringbootWebApplicationTests]: SpringbootWebApplicationTests does not declare any static, non-private, non-final, nested classes annotated with @Configuration.
20:47:24.109 [main] INFO org.springframework.boot.test.context.SpringBootTestContextBootstrapper -- Found @SpringBootConfiguration com.shop.SpringbootWebApplication for test class com.shop.SpringbootWebApplicationTests

  .   ____          _            __ _ _
 /\\ / ___'_ __ _ _(_)_ __  __ _ \ \ \ \
( ( )\___ | '_ | '_| | '_ \/ _` | \ \ \ \
 \\/  ___)| |_)| | | | | || (_| |  ) ) ) )
  '  |____| .__|_| |_|_| |_\__, | / / / /
 =========|_|==============|___/=/_/_/_/
 :: Spring Boot ::       (v3.1.7-SNAPSHOT)

2024-05-10T20:47:24.418+08:00  INFO 28644 --- [           main] com.shop.SpringbootWebApplicationTests   : Starting SpringbootWebApplicationTests using Java 18.0.2.1 with PID 28644 (started by SINGOR in D:\idea\code\JavaWeb\springboot-web)
2024-05-10T20:47:24.420+08:00  INFO 28644 --- [           main] com.shop.SpringbootWebApplicationTests   : No active profile set, falling back to 1 default profile: "default"
Logging initialized using 'class org.apache.ibatis.logging.stdout.StdOutImpl' adapter.
2024-05-10T20:47:25.783+08:00  INFO 28644 --- [           main] com.shop.SpringbootWebApplicationTests   : Started SpringbootWebApplicationTests in 1.55 seconds (process running for 2.282)
2024-05-10 20:47:26.42
2024-05-10 20:47:26
]]></system-out>
  </testcase>
  <testcase name="show" classname="com.shop.SpringbootWebApplicationTests" time="0.002"/>
  <testcase name="contextLoads" classname="com.shop.SpringbootWebApplicationTests" time="0.002"/>
  <testcase name="checkjwt" classname="com.shop.SpringbootWebApplicationTests" time="0.002"/>
</testsuite>