<?xml version="1.0" encoding="UTF-8"?>
<testsuite xmlns:xsi="http://www.w3.org/2001/XMLSchema-instance" xsi:noNamespaceSchemaLocation="https://maven.apache.org/surefire/maven-surefire-plugin/xsd/surefire-test-report-3.0.xsd" version="3.0" name="com.shop.SpringbootWebApplicationTests" time="0.032" tests="3" errors="0" skipped="0" failures="0">
  <properties>
[...]
</properties>
  <testcase name="showtime" classname="com.shop.SpringbootWebApplicationTests" time="0.016">
    <system-out><![CDATA[2023-12-12 22:01:12.74
2023-12-12 22:01:12
]]></system-out>
  </testcase>
  <testcase name="contextLoads" classname="com.shop.SpringbootWebApplicationTests" time="0.001"/>
  <testcase name="checkjwt" classname="com.shop.SpringbootWebApplicationTests" time="0"/>
</testsuite>